Using pre-set license
Built from '2020.2/release' branch; Version is '2020.2.1f1 (270dd8c3da1c) revision 2559448'; Using compiler version '192528614'; Build Type 'Release'
OS: 'Windows 10  (10.0.0) 64bit' Language: 'fr' Physical Memory: 32581 MB
BatchMode: 1, IsHumanControllingUs: 0, StartBugReporterOnCrash: 0, Is64bit: 1, IsPro: 0

 COMMAND LINE ARGUMENTS:
C:\Program Files\Unity\Hub\Editor\2020.2.1f1\Editor\Unity.exe
-adb2
-batchMode
-noUpm
-name
AssetImportWorker0
-projectPath
C:/Users/Grego/Desktop/Game_Jam/Global 29.01.2021/GGJ2k21/GGJ_2k21
-logFile
Logs/AssetImportWorker0.log
-srvPort
64740
Successfully changed project path to: C:/Users/Grego/Desktop/Game_Jam/Global 29.01.2021/GGJ2k21/GGJ_2k21
C:/Users/Grego/Desktop/Game_Jam/Global 29.01.2021/GGJ2k21/GGJ_2k21
Using Asset Import Pipeline V2.
Refreshing native plugins compatible for Editor in 32.79 ms, found 0 plugins.
Preloading 0 native plugins for Editor in 0.00 ms.
Initialize engine version: 2020.2.1f1 (270dd8c3da1c)
[Subsystems] Discovering subsystems at path C:/Program Files/Unity/Hub/Editor/2020.2.1f1/Editor/Data/Resources/UnitySubsystems
[Subsystems] Discovering subsystems at path C:/Users/Grego/Desktop/Game_Jam/Global 29.01.2021/GGJ2k21/GGJ_2k21/Assets
GfxDevice: creating device client; threaded=0
Direct3D:
    Version:  Direct3D 11.0 [level 11.1]
    Renderer: NVIDIA GeForce RTX 2080 Super with Max-Q Design (ID=0x1e93)
    Vendor:   
    VRAM:     8010 MB
    Driver:   27.21.14.6140
Initialize mono
Mono path[0] = 'C:/Program Files/Unity/Hub/Editor/2020.2.1f1/Editor/Data/Managed'
Mono path[1] = 'C:/Program Files/Unity/Hub/Editor/2020.2.1f1/Editor/Data/MonoBleedingEdge/lib/mono/unityjit'
Mono config path = 'C:/Program Files/Unity/Hub/Editor/2020.2.1f1/Editor/Data/MonoBleedingEdge/etc'
Using monoOptions --debugger-agent=transport=dt_socket,embedding=1,server=y,suspend=n,address=127.0.0.1:56272
Begin MonoManager ReloadAssembly
Registering precompiled unity dll's ...
Register platform support module: C:/Program Files/Unity/Hub/Editor/2020.2.1f1/Editor/Data/PlaybackEngines/WindowsStandaloneSupport/UnityEditor.WindowsStandalone.Extensions.dll
Registered in 0.001290 seconds.
Native extension for WindowsStandalone target not found
Refreshing native plugins compatible for Editor in 30.04 ms, found 0 plugins.
Preloading 0 native plugins for Editor in 0.00 ms.
Invoked RoslynAnalysisRunner static constructor.
RoslynAnalysisRunner will not be running.
RoslynAnalysisRunner has terminated.
Mono: successfully reloaded assembly
- Completed reload, in  0.803 seconds
Platform modules already initialized, skipping
Registering precompiled user dll's ...
Registered in 0.001652 seconds.
Begin MonoManager ReloadAssembly
Native extension for WindowsStandalone target not found
Refreshing native plugins compatible for Editor in 0.33 ms, found 0 plugins.
Preloading 0 native plugins for Editor in 0.00 ms.
Invoked RoslynAnalysisRunner static constructor.
RoslynAnalysisRunner will not be running.
RoslynAnalysisRunner has terminated.
Mono: successfully reloaded assembly
- Completed reload, in  0.714 seconds
Platform modules already initialized, skipping
========================================================================
Worker process is ready to serve import requests
Launched and connected shader compiler UnityShaderCompiler.exe after 0.10 seconds
Refreshing native plugins compatible for Editor in 0.34 ms, found 0 plugins.
Preloading 0 native plugins for Editor in 0.00 ms.
Unloading 1404 Unused Serialized files (Serialized files now loaded: 0)
System memory in use before: 84.3 MB.
System memory in use after: 84.4 MB.

Unloading 33 unused Assets to reduce memory usage. Loaded Objects now: 1857.
Total: 1.659500 ms (FindLiveObjects: 0.361600 ms CreateObjectMapping: 0.060500 ms MarkObjects: 1.181200 ms  DeleteObjects: 0.055400 ms)

========================================================================
Received Import Request.
  path: Assets/Sound/joy4_looped.wav
  artifactKey: Guid(4c2780939912ae045b42d5dfe63fc987) Importer(815301076,1909f56bfc062723c751e8b465ee728b)
Start importing Assets/Sound/joy4_looped.wav using Guid(4c2780939912ae045b42d5dfe63fc987) Importer(815301076,1909f56bfc062723c751e8b465ee728b)  -> (artifact id: 'a15cd24ab92f861e55a8ee1472548bba') in 0.130545 seconds
  Import took 0.132896 seconds .

========================================================================
Received Import Request.
  Time since last request: 0.000150 seconds.
  path: Assets/Sound/ambiance2_2_looped.wav
  artifactKey: Guid(2c2368b7f02518342a999ed03d0d307b) Importer(815301076,1909f56bfc062723c751e8b465ee728b)
Start importing Assets/Sound/ambiance2_2_looped.wav using Guid(2c2368b7f02518342a999ed03d0d307b) Importer(815301076,1909f56bfc062723c751e8b465ee728b)  -> (artifact id: '7970cf15081393ae57536e9afb8209c3') in 0.015524 seconds
  Import took 0.017721 seconds .

========================================================================
Received Import Request.
  Time since last request: 0.000151 seconds.
  path: Assets/Sound/sad2_looped.wav
  artifactKey: Guid(09aadb782e6e88b449d8a0e5ce65bd8a) Importer(815301076,1909f56bfc062723c751e8b465ee728b)
Start importing Assets/Sound/sad2_looped.wav using Guid(09aadb782e6e88b449d8a0e5ce65bd8a) Importer(815301076,1909f56bfc062723c751e8b465ee728b)  -> (artifact id: '238ba7b7955729f6d2501740816c79ba') in 0.015622 seconds
  Import took 0.017588 seconds .

========================================================================
Received Prepare
Refreshing native plugins compatible for Editor in 4.54 ms, found 0 plugins.
Preloading 0 native plugins for Editor in 0.00 ms.
Unloading 23 Unused Serialized files (Serialized files now loaded: 0)
System memory in use before: 60.6 MB.
System memory in use after: 60.7 MB.

Unloading 23 unused Assets to reduce memory usage. Loaded Objects now: 1866.
Total: 1.543400 ms (FindLiveObjects: 0.162600 ms CreateObjectMapping: 0.056600 ms MarkObjects: 1.284600 ms  DeleteObjects: 0.039100 ms)

========================================================================
Received Import Request.
  Time since last request: 51.479126 seconds.
  path: Assets/Sound
  artifactKey: Guid(1a8d10c38c35cfe42926c8c658bc46ce) Importer(815301076,1909f56bfc062723c751e8b465ee728b)
Start importing Assets/Sound using Guid(1a8d10c38c35cfe42926c8c658bc46ce) Importer(815301076,1909f56bfc062723c751e8b465ee728b)  -> (artifact id: '7a82cdccd7e6eeaed9c6dd734bb1302a') in 0.006939 seconds
  Import took 0.009285 seconds .

========================================================================
Received Prepare
Registering precompiled user dll's ...
Registered in 0.001432 seconds.
Begin MonoManager ReloadAssembly
Native extension for WindowsStandalone target not found
Refreshing native plugins compatible for Editor in 0.45 ms, found 0 plugins.
Preloading 0 native plugins for Editor in 0.00 ms.
Invoked RoslynAnalysisRunner static constructor.
RoslynAnalysisRunner will not be running.
RoslynAnalysisRunner has terminated.
Mono: successfully reloaded assembly
- Completed reload, in  0.626 seconds
Platform modules already initialized, skipping
Refreshing native plugins compatible for Editor in 0.33 ms, found 0 plugins.
Preloading 0 native plugins for Editor in 0.00 ms.
Unloading 1399 Unused Serialized files (Serialized files now loaded: 0)
System memory in use before: 88.0 MB.
System memory in use after: 88.0 MB.

Unloading 25 unused Assets to reduce memory usage. Loaded Objects now: 1868.
Total: 1.593100 ms (FindLiveObjects: 0.141000 ms CreateObjectMapping: 0.046500 ms MarkObjects: 1.353200 ms  DeleteObjects: 0.051700 ms)

========================================================================
Received Import Request.
  Time since last request: 34.699053 seconds.
  path: Assets/Sound/peur3_looped (1).wav
  artifactKey: Guid(6f0e3dd7eddb2904ea17905a6fbead45) Importer(815301076,1909f56bfc062723c751e8b465ee728b)
Start importing Assets/Sound/peur3_looped (1).wav using Guid(6f0e3dd7eddb2904ea17905a6fbead45) Importer(815301076,1909f56bfc062723c751e8b465ee728b)  -> (artifact id: 'b80cfc3da6159f476d0a944cf3334881') in 0.048956 seconds
  Import took 0.050978 seconds .

========================================================================
Received Prepare
Registering precompiled user dll's ...
Registered in 0.001597 seconds.
Begin MonoManager ReloadAssembly
Native extension for WindowsStandalone target not found
Refreshing native plugins compatible for Editor in 0.33 ms, found 0 plugins.
Preloading 0 native plugins for Editor in 0.00 ms.
Invoked RoslynAnalysisRunner static constructor.
RoslynAnalysisRunner will not be running.
RoslynAnalysisRunner has terminated.
Mono: successfully reloaded assembly
- Completed reload, in  0.627 seconds
Platform modules already initialized, skipping
Refreshing native plugins compatible for Editor in 0.38 ms, found 0 plugins.
Preloading 0 native plugins for Editor in 0.00 ms.
Unloading 1399 Unused Serialized files (Serialized files now loaded: 0)
System memory in use before: 89.0 MB.
System memory in use after: 89.0 MB.

Unloading 25 unused Assets to reduce memory usage. Loaded Objects now: 1871.
Total: 1.548000 ms (FindLiveObjects: 0.138700 ms CreateObjectMapping: 0.049300 ms MarkObjects: 1.307500 ms  DeleteObjects: 0.051600 ms)

========================================================================
Received Import Request.
  Time since last request: 275.218964 seconds.
  path: Assets/Sound/ambiance1_looped (1).mp3
  artifactKey: Guid(bc339cf8a296b7f458f6475a32e101bd) Importer(815301076,1909f56bfc062723c751e8b465ee728b)
Start importing Assets/Sound/ambiance1_looped (1).mp3 using Guid(bc339cf8a296b7f458f6475a32e101bd) Importer(815301076,1909f56bfc062723c751e8b465ee728b)  -> (artifact id: '49d6b0ca2d9099d456b38a1d1801e848') in 0.049856 seconds
  Import took 0.052049 seconds .

========================================================================
Received Prepare
Registering precompiled user dll's ...
Registered in 0.001587 seconds.
Begin MonoManager ReloadAssembly
Native extension for WindowsStandalone target not found
Refreshing native plugins compatible for Editor in 0.47 ms, found 0 plugins.
Preloading 0 native plugins for Editor in 0.00 ms.
Invoked RoslynAnalysisRunner static constructor.
RoslynAnalysisRunner will not be running.
RoslynAnalysisRunner has terminated.
Mono: successfully reloaded assembly
- Completed reload, in  0.664 seconds
Platform modules already initialized, skipping
Refreshing native plugins compatible for Editor in 0.34 ms, found 0 plugins.
Preloading 0 native plugins for Editor in 0.00 ms.
Unloading 1399 Unused Serialized files (Serialized files now loaded: 0)
System memory in use before: 89.0 MB.
System memory in use after: 89.1 MB.

Unloading 25 unused Assets to reduce memory usage. Loaded Objects now: 1874.
Total: 1.493000 ms (FindLiveObjects: 0.125800 ms CreateObjectMapping: 0.042800 ms MarkObjects: 1.273600 ms  DeleteObjects: 0.050000 ms)

========================================================================
Received Import Request.
  Time since last request: 297.021724 seconds.
  path: ProjectSettings/TagManager.asset
  artifactKey: Guid(00000000000000003000000000000000) Importer(815301076,1909f56bfc062723c751e8b465ee728b)
Start importing ProjectSettings/TagManager.asset using Guid(00000000000000003000000000000000) Importer(815301076,1909f56bfc062723c751e8b465ee728b)  -> (artifact id: '00232480e44968bd4c840a261e68dff3') in 0.019978 seconds
  Import took 0.022026 seconds .

========================================================================
Received Prepare
Registering precompiled user dll's ...
Registered in 0.001561 seconds.
Begin MonoManager ReloadAssembly
Native extension for WindowsStandalone target not found
Refreshing native plugins compatible for Editor in 0.32 ms, found 0 plugins.
Preloading 0 native plugins for Editor in 0.00 ms.
Invoked RoslynAnalysisRunner static constructor.
RoslynAnalysisRunner will not be running.
RoslynAnalysisRunner has terminated.
Mono: successfully reloaded assembly
- Completed reload, in  0.609 seconds
Platform modules already initialized, skipping
Refreshing native plugins compatible for Editor in 0.34 ms, found 0 plugins.
Preloading 0 native plugins for Editor in 0.00 ms.
Unloading 1399 Unused Serialized files (Serialized files now loaded: 0)
System memory in use before: 89.0 MB.
System memory in use after: 89.1 MB.

Unloading 26 unused Assets to reduce memory usage. Loaded Objects now: 1876.
Total: 1.508300 ms (FindLiveObjects: 0.186200 ms CreateObjectMapping: 0.047700 ms MarkObjects: 1.219400 ms  DeleteObjects: 0.054200 ms)

========================================================================
Received Import Request.
  Time since last request: 12.350669 seconds.
  path: Assets/Script/New Scriptable Object_Stockage.asset
  artifactKey: Guid(1a150b7f375214f458cbe7fdc638f716) Importer(815301076,1909f56bfc062723c751e8b465ee728b)
Start importing Assets/Script/New Scriptable Object_Stockage.asset using Guid(1a150b7f375214f458cbe7fdc638f716) Importer(815301076,1909f56bfc062723c751e8b465ee728b)  -> (artifact id: 'd90b30fb61f75d5bf7e664a6ff403212') in 0.014369 seconds
  Import took 0.016322 seconds .

========================================================================
Received Import Request.
  Time since last request: 2.765192 seconds.
  path: Assets/Script/tpScript.cs
  artifactKey: Guid(90920c1ef1b688d4b95f178e73989f78) Importer(815301076,1909f56bfc062723c751e8b465ee728b)
Start importing Assets/Script/tpScript.cs using Guid(90920c1ef1b688d4b95f178e73989f78) Importer(815301076,1909f56bfc062723c751e8b465ee728b)  -> (artifact id: '321b53e3c964fd8747f16547cd8e4c9f') in 0.012219 seconds
  Import took 0.015410 seconds .

========================================================================
Received Import Request.
  Time since last request: 2.438430 seconds.
  path: Assets/Script/Cursor.cs
  artifactKey: Guid(9fbdcee941b5d81469d87e400a207764) Importer(815301076,1909f56bfc062723c751e8b465ee728b)
Start importing Assets/Script/Cursor.cs using Guid(9fbdcee941b5d81469d87e400a207764) Importer(815301076,1909f56bfc062723c751e8b465ee728b)  -> (artifact id: '6bd961c3d4d67ee98f5453cc0b41bb89') in 0.005704 seconds
  Import took 0.007671 seconds .

========================================================================
Received Import Request.
  Time since last request: 0.017375 seconds.
  path: Assets/Script/Cursor.cs
  artifactKey: Guid(9fbdcee941b5d81469d87e400a207764) Importer(815301076,1909f56bfc062723c751e8b465ee728b)
Start importing Assets/Script/Cursor.cs using Guid(9fbdcee941b5d81469d87e400a207764) Importer(815301076,1909f56bfc062723c751e8b465ee728b)  -> (artifact id: '6bd961c3d4d67ee98f5453cc0b41bb89') in 0.002877 seconds
  Import took 0.005067 seconds .

========================================================================
Received Import Request.
  Time since last request: 5.782732 seconds.
  path: Assets/Script/CubeScript.cs
  artifactKey: Guid(c667413192bd2e74f9c05eafcbffbb48) Importer(815301076,1909f56bfc062723c751e8b465ee728b)
Start importing Assets/Script/CubeScript.cs using Guid(c667413192bd2e74f9c05eafcbffbb48) Importer(815301076,1909f56bfc062723c751e8b465ee728b)  -> (artifact id: '0cd24e738e69021c525b2536d171aeee') in 0.008188 seconds
  Import took 0.010350 seconds .

========================================================================
Received Import Request.
  Time since last request: 2.627921 seconds.
  path: Assets/Script/ControlPlatform.cs
  artifactKey: Guid(bed56a6f57e81dd4aab9e3f79e37e8a9) Importer(815301076,1909f56bfc062723c751e8b465ee728b)
Start importing Assets/Script/ControlPlatform.cs using Guid(bed56a6f57e81dd4aab9e3f79e37e8a9) Importer(815301076,1909f56bfc062723c751e8b465ee728b)  -> (artifact id: '75a984a90b99ae395e32c30e6deb2ad2') in 0.006249 seconds
  Import took 0.008659 seconds .

========================================================================
Received Prepare
Registering precompiled user dll's ...
Registered in 0.001636 seconds.
Begin MonoManager ReloadAssembly
Native extension for WindowsStandalone target not found
Refreshing native plugins compatible for Editor in 0.34 ms, found 0 plugins.
Preloading 0 native plugins for Editor in 0.00 ms.
Invoked RoslynAnalysisRunner static constructor.
RoslynAnalysisRunner will not be running.
RoslynAnalysisRunner has terminated.
Mono: successfully reloaded assembly
- Completed reload, in  0.641 seconds
Platform modules already initialized, skipping
Refreshing native plugins compatible for Editor in 0.34 ms, found 0 plugins.
Preloading 0 native plugins for Editor in 0.00 ms.
Unloading 1399 Unused Serialized files (Serialized files now loaded: 0)
System memory in use before: 89.0 MB.
System memory in use after: 89.1 MB.

Unloading 25 unused Assets to reduce memory usage. Loaded Objects now: 1878.
Total: 1.359100 ms (FindLiveObjects: 0.117400 ms CreateObjectMapping: 0.035700 ms MarkObjects: 1.125500 ms  DeleteObjects: 0.079700 ms)

========================================================================
Received Import Request.
  Time since last request: 137.773257 seconds.
  path: Assets/Script/ControlPlatform.cs
  artifactKey: Guid(bed56a6f57e81dd4aab9e3f79e37e8a9) Importer(815301076,1909f56bfc062723c751e8b465ee728b)
Start importing Assets/Script/ControlPlatform.cs using Guid(bed56a6f57e81dd4aab9e3f79e37e8a9) Importer(815301076,1909f56bfc062723c751e8b465ee728b)  -> (artifact id: '85b7f631a927d45b7f49cf0d8e4b97a8') in 0.005447 seconds
  Import took 0.008027 seconds .

========================================================================
Received Import Request.
  Time since last request: 5.766406 seconds.
  path: Assets/Script/ControlPlatform.cs
  artifactKey: Guid(bed56a6f57e81dd4aab9e3f79e37e8a9) Importer(815301076,1909f56bfc062723c751e8b465ee728b)
Start importing Assets/Script/ControlPlatform.cs using Guid(bed56a6f57e81dd4aab9e3f79e37e8a9) Importer(815301076,1909f56bfc062723c751e8b465ee728b)  -> (artifact id: '6a62529890f4b65d7c454cc06b8249f4') in 0.002872 seconds
  Import took 0.005795 seconds .

========================================================================
Received Prepare
Registering precompiled user dll's ...
Registered in 0.001464 seconds.
Begin MonoManager ReloadAssembly
Native extension for WindowsStandalone target not found
Refreshing native plugins compatible for Editor in 0.33 ms, found 0 plugins.
Preloading 0 native plugins for Editor in 0.00 ms.
Invoked RoslynAnalysisRunner static constructor.
RoslynAnalysisRunner will not be running.
RoslynAnalysisRunner has terminated.
Mono: successfully reloaded assembly
- Completed reload, in  0.643 seconds
Platform modules already initialized, skipping
Refreshing native plugins compatible for Editor in 0.33 ms, found 0 plugins.
Preloading 0 native plugins for Editor in 0.00 ms.
Unloading 1399 Unused Serialized files (Serialized files now loaded: 0)
System memory in use before: 89.0 MB.
System memory in use after: 89.1 MB.

Unloading 25 unused Assets to reduce memory usage. Loaded Objects now: 1880.
Total: 1.429300 ms (FindLiveObjects: 0.160700 ms CreateObjectMapping: 0.045200 ms MarkObjects: 1.177700 ms  DeleteObjects: 0.045100 ms)

========================================================================
Received Import Request.
  Time since last request: 87.881079 seconds.
  path: Assets/Script/Fondu.cs
  artifactKey: Guid(0b260377d492d40469d0a3908ab35bdb) Importer(815301076,1909f56bfc062723c751e8b465ee728b)
Start importing Assets/Script/Fondu.cs using Guid(0b260377d492d40469d0a3908ab35bdb) Importer(815301076,1909f56bfc062723c751e8b465ee728b)  -> (artifact id: '9496ee59fca24cd6519d4abb5514c161') in 0.009019 seconds
  Import took 0.011375 seconds .

========================================================================
Received Import Request.
  Time since last request: 12.371423 seconds.
  path: Assets/Script/Launch.cs
  artifactKey: Guid(70d1f9d36c26b054987aa0739345618b) Importer(815301076,1909f56bfc062723c751e8b465ee728b)
Start importing Assets/Script/Launch.cs using Guid(70d1f9d36c26b054987aa0739345618b) Importer(815301076,1909f56bfc062723c751e8b465ee728b)  -> (artifact id: '1d2a9fb1640ca8d721e72a586f8e252f') in 0.006503 seconds
  Import took 0.009414 seconds .

========================================================================
Received Import Request.
  Time since last request: 3.651546 seconds.
  path: Assets/Script/Rotate.cs
  artifactKey: Guid(d71e320fc9da345498a73c17396d8ba8) Importer(815301076,1909f56bfc062723c751e8b465ee728b)
Start importing Assets/Script/Rotate.cs using Guid(d71e320fc9da345498a73c17396d8ba8) Importer(815301076,1909f56bfc062723c751e8b465ee728b)  -> (artifact id: '698ced4c50e10322ec46f5a8c15afd19') in 0.007976 seconds
  Import took 0.010246 seconds .

========================================================================
Received Import Request.
  Time since last request: 19.300952 seconds.
  path: Assets/Script/Scoring.cs
  artifactKey: Guid(f1fb388cd8e75fe4fba3a1d3e0d84588) Importer(815301076,1909f56bfc062723c751e8b465ee728b)
Start importing Assets/Script/Scoring.cs using Guid(f1fb388cd8e75fe4fba3a1d3e0d84588) Importer(815301076,1909f56bfc062723c751e8b465ee728b)  -> (artifact id: 'c5dc6b6217ecdcdd8002bdb601d8c495') in 0.007048 seconds
  Import took 0.009747 seconds .

========================================================================
Received Import Request.
  Time since last request: 107.571372 seconds.
  path: Assets/Script/ScriptableObject_Stockage.cs
  artifactKey: Guid(2bbf39d86e4286e419c02a8489956d08) Importer(815301076,1909f56bfc062723c751e8b465ee728b)
Start importing Assets/Script/ScriptableObject_Stockage.cs using Guid(2bbf39d86e4286e419c02a8489956d08) Importer(815301076,1909f56bfc062723c751e8b465ee728b)  -> (artifact id: 'fb94d446767981a002c05b9710d09c6c') in 0.006361 seconds
  Import took 0.009058 seconds .

========================================================================
Received Import Request.
  Time since last request: 1.910110 seconds.
  path: Assets/Script/ScriptableUser_Stockage.cs
  artifactKey: Guid(bc9df2803c8aae84fb36a643fe561bd1) Importer(815301076,1909f56bfc062723c751e8b465ee728b)
Start importing Assets/Script/ScriptableUser_Stockage.cs using Guid(bc9df2803c8aae84fb36a643fe561bd1) Importer(815301076,1909f56bfc062723c751e8b465ee728b)  -> (artifact id: 'b52d619b95a189fbf82d4491a51227ef') in 0.006267 seconds
  Import took 0.008845 seconds .

========================================================================
Received Prepare
Registering precompiled user dll's ...
Registered in 0.001559 seconds.
Begin MonoManager ReloadAssembly
Native extension for WindowsStandalone target not found
Refreshing native plugins compatible for Editor in 0.35 ms, found 0 plugins.
Preloading 0 native plugins for Editor in 0.00 ms.
Invoked RoslynAnalysisRunner static constructor.
RoslynAnalysisRunner will not be running.
RoslynAnalysisRunner has terminated.
Mono: successfully reloaded assembly
- Completed reload, in  0.683 seconds
Platform modules already initialized, skipping
Refreshing native plugins compatible for Editor in 0.33 ms, found 0 plugins.
Preloading 0 native plugins for Editor in 0.00 ms.
Unloading 1399 Unused Serialized files (Serialized files now loaded: 0)
System memory in use before: 89.1 MB.
System memory in use after: 89.1 MB.

Unloading 25 unused Assets to reduce memory usage. Loaded Objects now: 1882.
Total: 1.380100 ms (FindLiveObjects: 0.139400 ms CreateObjectMapping: 0.040300 ms MarkObjects: 1.151600 ms  DeleteObjects: 0.048000 ms)

========================================================================
Received Prepare
Registering precompiled user dll's ...
Registered in 0.001707 seconds.
Begin MonoManager ReloadAssembly
Native extension for WindowsStandalone target not found
Refreshing native plugins compatible for Editor in 0.35 ms, found 0 plugins.
Preloading 0 native plugins for Editor in 0.00 ms.
Invoked RoslynAnalysisRunner static constructor.
RoslynAnalysisRunner will not be running.
RoslynAnalysisRunner has terminated.
Mono: successfully reloaded assembly
- Completed reload, in  0.657 seconds
Platform modules already initialized, skipping
Refreshing native plugins compatible for Editor in 0.58 ms, found 0 plugins.
Preloading 0 native plugins for Editor in 0.00 ms.
Unloading 1399 Unused Serialized files (Serialized files now loaded: 0)
System memory in use before: 89.0 MB.
System memory in use after: 89.1 MB.

Unloading 25 unused Assets to reduce memory usage. Loaded Objects now: 1884.
Total: 1.568000 ms (FindLiveObjects: 0.202100 ms CreateObjectMapping: 0.068900 ms MarkObjects: 1.244400 ms  DeleteObjects: 0.051500 ms)

========================================================================
Received Prepare
Registering precompiled user dll's ...
Registered in 0.001860 seconds.
Begin MonoManager ReloadAssembly
Native extension for WindowsStandalone target not found
Refreshing native plugins compatible for Editor in 0.33 ms, found 0 plugins.
Preloading 0 native plugins for Editor in 0.00 ms.
Invoked RoslynAnalysisRunner static constructor.
RoslynAnalysisRunner will not be running.
RoslynAnalysisRunner has terminated.
Mono: successfully reloaded assembly
- Completed reload, in  0.609 seconds
Platform modules already initialized, skipping
Refreshing native plugins compatible for Editor in 0.34 ms, found 0 plugins.
Preloading 0 native plugins for Editor in 0.00 ms.
Unloading 1399 Unused Serialized files (Serialized files now loaded: 0)
System memory in use before: 89.1 MB.
System memory in use after: 89.2 MB.

Unloading 25 unused Assets to reduce memory usage. Loaded Objects now: 1886.
Total: 1.443600 ms (FindLiveObjects: 0.139600 ms CreateObjectMapping: 0.043700 ms MarkObjects: 1.212600 ms  DeleteObjects: 0.046900 ms)

========================================================================
Received Import Request.
  Time since last request: 623.877619 seconds.
  path: Assets/Script/New Scriptable Object_Stockage.asset
  artifactKey: Guid(1a150b7f375214f458cbe7fdc638f716) Importer(815301076,1909f56bfc062723c751e8b465ee728b)
Start importing Assets/Script/New Scriptable Object_Stockage.asset using Guid(1a150b7f375214f458cbe7fdc638f716) Importer(815301076,1909f56bfc062723c751e8b465ee728b)  -> (artifact id: 'ed43d43ae107cd91ec229e31fba3f140') in 0.009661 seconds
  Import took 0.011579 seconds .

========================================================================
Received Prepare
Registering precompiled user dll's ...
Registered in 0.001528 seconds.
Begin MonoManager ReloadAssembly
Native extension for WindowsStandalone target not found
Refreshing native plugins compatible for Editor in 0.37 ms, found 0 plugins.
Preloading 0 native plugins for Editor in 0.00 ms.
Invoked RoslynAnalysisRunner static constructor.
RoslynAnalysisRunner will not be running.
RoslynAnalysisRunner has terminated.
Mono: successfully reloaded assembly
- Completed reload, in  0.654 seconds
Platform modules already initialized, skipping
Refreshing native plugins compatible for Editor in 0.34 ms, found 0 plugins.
Preloading 0 native plugins for Editor in 0.00 ms.
Unloading 1399 Unused Serialized files (Serialized files now loaded: 0)
System memory in use before: 89.0 MB.
System memory in use after: 89.1 MB.

Unloading 25 unused Assets to reduce memory usage. Loaded Objects now: 1888.
Total: 1.430600 ms (FindLiveObjects: 0.193300 ms CreateObjectMapping: 0.040000 ms MarkObjects: 1.148800 ms  DeleteObjects: 0.047600 ms)

========================================================================
Received Prepare
Registering precompiled user dll's ...
Registered in 0.001689 seconds.
Begin MonoManager ReloadAssembly
Native extension for WindowsStandalone target not found
Refreshing native plugins compatible for Editor in 0.37 ms, found 0 plugins.
Preloading 0 native plugins for Editor in 0.00 ms.
Invoked RoslynAnalysisRunner static constructor.
RoslynAnalysisRunner will not be running.
RoslynAnalysisRunner has terminated.
Mono: successfully reloaded assembly
- Completed reload, in  0.601 seconds
Platform modules already initialized, skipping
Refreshing native plugins compatible for Editor in 0.41 ms, found 0 plugins.
Preloading 0 native plugins for Editor in 0.00 ms.
Unloading 1399 Unused Serialized files (Serialized files now loaded: 0)
System memory in use before: 89.1 MB.
System memory in use after: 89.2 MB.

Unloading 25 unused Assets to reduce memory usage. Loaded Objects now: 1890.
Total: 2.207000 ms (FindLiveObjects: 0.234700 ms CreateObjectMapping: 0.070700 ms MarkObjects: 1.801300 ms  DeleteObjects: 0.098000 ms)

========================================================================
Received Prepare
Registering precompiled user dll's ...
Registered in 0.001580 seconds.
Begin MonoManager ReloadAssembly
Native extension for WindowsStandalone target not found
Refreshing native plugins compatible for Editor in 0.33 ms, found 0 plugins.
Preloading 0 native plugins for Editor in 0.00 ms.
Invoked RoslynAnalysisRunner static constructor.
RoslynAnalysisRunner will not be running.
RoslynAnalysisRunner has terminated.
Mono: successfully reloaded assembly
- Completed reload, in  0.635 seconds
Platform modules already initialized, skipping
Refreshing native plugins compatible for Editor in 0.33 ms, found 0 plugins.
Preloading 0 native plugins for Editor in 0.00 ms.
Unloading 1399 Unused Serialized files (Serialized files now loaded: 0)
System memory in use before: 89.0 MB.
System memory in use after: 89.0 MB.

Unloading 25 unused Assets to reduce memory usage. Loaded Objects now: 1892.
Total: 1.365800 ms (FindLiveObjects: 0.132700 ms CreateObjectMapping: 0.040200 ms MarkObjects: 1.147400 ms  DeleteObjects: 0.044000 ms)

========================================================================
Received Prepare
Registering precompiled user dll's ...
Registered in 0.001378 seconds.
Begin MonoManager ReloadAssembly
Native extension for WindowsStandalone target not found
Refreshing native plugins compatible for Editor in 0.33 ms, found 0 plugins.
Preloading 0 native plugins for Editor in 0.00 ms.
Invoked RoslynAnalysisRunner static constructor.
RoslynAnalysisRunner will not be running.
RoslynAnalysisRunner has terminated.
Mono: successfully reloaded assembly
- Completed reload, in  0.585 seconds
Platform modules already initialized, skipping
Refreshing native plugins compatible for Editor in 0.39 ms, found 0 plugins.
Preloading 0 native plugins for Editor in 0.00 ms.
Unloading 1399 Unused Serialized files (Serialized files now loaded: 0)
System memory in use before: 89.1 MB.
System memory in use after: 89.2 MB.

Unloading 25 unused Assets to reduce memory usage. Loaded Objects now: 1894.
Total: 2.927300 ms (FindLiveObjects: 0.237300 ms CreateObjectMapping: 0.315300 ms MarkObjects: 2.294000 ms  DeleteObjects: 0.079500 ms)

========================================================================
Received Import Request.
  Time since last request: 2227.124405 seconds.
  path: Assets/Script/New Scriptable Object_Stockage.asset
  artifactKey: Guid(1a150b7f375214f458cbe7fdc638f716) Importer(815301076,1909f56bfc062723c751e8b465ee728b)
Start importing Assets/Script/New Scriptable Object_Stockage.asset using Guid(1a150b7f375214f458cbe7fdc638f716) Importer(815301076,1909f56bfc062723c751e8b465ee728b)  -> (artifact id: '440396e11b78359b035c031700df8a74') in 0.010233 seconds
  Import took 0.012700 seconds .

========================================================================
Received Import Request.
  Time since last request: 27.902632 seconds.
  path: Assets/Script/New Scriptable Object_Stockage.asset
  artifactKey: Guid(1a150b7f375214f458cbe7fdc638f716) Importer(815301076,1909f56bfc062723c751e8b465ee728b)
Start importing Assets/Script/New Scriptable Object_Stockage.asset using Guid(1a150b7f375214f458cbe7fdc638f716) Importer(815301076,1909f56bfc062723c751e8b465ee728b)  -> (artifact id: '46e0871046ca3fc9b4db748f471621e0') in 0.006279 seconds
  Import took 0.009659 seconds .

========================================================================
Received Import Request.
  Time since last request: 0.009121 seconds.
  path: Assets/Script/New Scriptable Object_Stockage.asset
  artifactKey: Guid(1a150b7f375214f458cbe7fdc638f716) Importer(815301076,1909f56bfc062723c751e8b465ee728b)
Start importing Assets/Script/New Scriptable Object_Stockage.asset using Guid(1a150b7f375214f458cbe7fdc638f716) Importer(815301076,1909f56bfc062723c751e8b465ee728b)  -> (artifact id: '46e0871046ca3fc9b4db748f471621e0') in 0.006109 seconds
  Import took 0.009097 seconds .

========================================================================
Received Prepare
Registering precompiled user dll's ...
Registered in 0.001574 seconds.
Begin MonoManager ReloadAssembly
Native extension for WindowsStandalone target not found
Refreshing native plugins compatible for Editor in 0.33 ms, found 0 plugins.
Preloading 0 native plugins for Editor in 0.00 ms.
Invoked RoslynAnalysisRunner static constructor.
RoslynAnalysisRunner will not be running.
RoslynAnalysisRunner has terminated.
Mono: successfully reloaded assembly
- Completed reload, in  0.613 seconds
Platform modules already initialized, skipping
Refreshing native plugins compatible for Editor in 0.35 ms, found 0 plugins.
Preloading 0 native plugins for Editor in 0.00 ms.
Unloading 1399 Unused Serialized files (Serialized files now loaded: 0)
System memory in use before: 89.0 MB.
System memory in use after: 89.0 MB.

Unloading 25 unused Assets to reduce memory usage. Loaded Objects now: 1896.
Total: 1.405400 ms (FindLiveObjects: 0.131500 ms CreateObjectMapping: 0.040700 ms MarkObjects: 1.184300 ms  DeleteObjects: 0.048000 ms)

========================================================================
Received Prepare
Registering precompiled user dll's ...
Registered in 0.001870 seconds.
Begin MonoManager ReloadAssembly
Native extension for WindowsStandalone target not found
Refreshing native plugins compatible for Editor in 0.33 ms, found 0 plugins.
Preloading 0 native plugins for Editor in 0.00 ms.
Invoked RoslynAnalysisRunner static constructor.
RoslynAnalysisRunner will not be running.
RoslynAnalysisRunner has terminated.
Mono: successfully reloaded assembly
- Completed reload, in  0.629 seconds
Platform modules already initialized, skipping
Refreshing native plugins compatible for Editor in 0.38 ms, found 0 plugins.
Preloading 0 native plugins for Editor in 0.00 ms.
Unloading 1399 Unused Serialized files (Serialized files now loaded: 0)
System memory in use before: 89.1 MB.
System memory in use after: 89.2 MB.

Unloading 25 unused Assets to reduce memory usage. Loaded Objects now: 1898.
Total: 1.818500 ms (FindLiveObjects: 0.212400 ms CreateObjectMapping: 0.092800 ms MarkObjects: 1.439700 ms  DeleteObjects: 0.072000 ms)

========================================================================
Received Prepare
Registering precompiled user dll's ...
Registered in 0.001640 seconds.
Begin MonoManager ReloadAssembly
Native extension for WindowsStandalone target not found
Refreshing native plugins compatible for Editor in 0.35 ms, found 0 plugins.
Preloading 0 native plugins for Editor in 0.00 ms.
Invoked RoslynAnalysisRunner static constructor.
RoslynAnalysisRunner will not be running.
RoslynAnalysisRunner has terminated.
Mono: successfully reloaded assembly
- Completed reload, in  0.615 seconds
Platform modules already initialized, skipping
Refreshing native plugins compatible for Editor in 0.38 ms, found 0 plugins.
Preloading 0 native plugins for Editor in 0.00 ms.
Unloading 1399 Unused Serialized files (Serialized files now loaded: 0)
System memory in use before: 89.0 MB.
System memory in use after: 89.0 MB.

Unloading 25 unused Assets to reduce memory usage. Loaded Objects now: 1900.
Total: 1.462700 ms (FindLiveObjects: 0.142300 ms CreateObjectMapping: 0.041100 ms MarkObjects: 1.223600 ms  DeleteObjects: 0.054700 ms)

========================================================================
Received Prepare
Registering precompiled user dll's ...
Registered in 0.001699 seconds.
Begin MonoManager ReloadAssembly
Native extension for WindowsStandalone target not found
Refreshing native plugins compatible for Editor in 0.36 ms, found 0 plugins.
Preloading 0 native plugins for Editor in 0.00 ms.
Invoked RoslynAnalysisRunner static constructor.
RoslynAnalysisRunner will not be running.
RoslynAnalysisRunner has terminated.
Mono: successfully reloaded assembly
- Completed reload, in  0.616 seconds
Platform modules already initialized, skipping
Refreshing native plugins compatible for Editor in 0.50 ms, found 0 plugins.
Preloading 0 native plugins for Editor in 0.00 ms.
Unloading 1399 Unused Serialized files (Serialized files now loaded: 0)
System memory in use before: 89.1 MB.
System memory in use after: 89.2 MB.

Unloading 25 unused Assets to reduce memory usage. Loaded Objects now: 1902.
Total: 1.543600 ms (FindLiveObjects: 0.145900 ms CreateObjectMapping: 0.045800 ms MarkObjects: 1.290500 ms  DeleteObjects: 0.060500 ms)

========================================================================
Received Prepare
Registering precompiled user dll's ...
Registered in 0.001730 seconds.
Begin MonoManager ReloadAssembly
Native extension for WindowsStandalone target not found
Refreshing native plugins compatible for Editor in 0.34 ms, found 0 plugins.
Preloading 0 native plugins for Editor in 0.00 ms.
Invoked RoslynAnalysisRunner static constructor.
RoslynAnalysisRunner will not be running.
RoslynAnalysisRunner has terminated.
Mono: successfully reloaded assembly
- Completed reload, in  0.612 seconds
Platform modules already initialized, skipping
Refreshing native plugins compatible for Editor in 0.33 ms, found 0 plugins.
Preloading 0 native plugins for Editor in 0.00 ms.
Unloading 1399 Unused Serialized files (Serialized files now loaded: 0)
System memory in use before: 89.0 MB.
System memory in use after: 89.0 MB.

Unloading 25 unused Assets to reduce memory usage. Loaded Objects now: 1904.
Total: 1.688800 ms (FindLiveObjects: 0.254700 ms CreateObjectMapping: 0.055200 ms MarkObjects: 1.322100 ms  DeleteObjects: 0.055400 ms)

========================================================================
Received Prepare
Registering precompiled user dll's ...
Registered in 0.001758 seconds.
Begin MonoManager ReloadAssembly
Native extension for WindowsStandalone target not found
Refreshing native plugins compatible for Editor in 0.34 ms, found 0 plugins.
Preloading 0 native plugins for Editor in 0.00 ms.
Invoked RoslynAnalysisRunner static constructor.
RoslynAnalysisRunner will not be running.
RoslynAnalysisRunner has terminated.
Mono: successfully reloaded assembly
- Completed reload, in  0.670 seconds
Platform modules already initialized, skipping
Refreshing native plugins compatible for Editor in 0.34 ms, found 0 plugins.
Preloading 0 native plugins for Editor in 0.00 ms.
Unloading 1399 Unused Serialized files (Serialized files now loaded: 0)
System memory in use before: 89.1 MB.
System memory in use after: 89.2 MB.

Unloading 25 unused Assets to reduce memory usage. Loaded Objects now: 1906.
Total: 1.609400 ms (FindLiveObjects: 0.193100 ms CreateObjectMapping: 0.048700 ms MarkObjects: 1.299400 ms  DeleteObjects: 0.067300 ms)

========================================================================
Received Prepare
Registering precompiled user dll's ...
Registered in 0.001671 seconds.
Begin MonoManager ReloadAssembly
Native extension for WindowsStandalone target not found
Refreshing native plugins compatible for Editor in 0.33 ms, found 0 plugins.
Preloading 0 native plugins for Editor in 0.00 ms.
Invoked RoslynAnalysisRunner static constructor.
RoslynAnalysisRunner will not be running.
RoslynAnalysisRunner has terminated.
Mono: successfully reloaded assembly
- Completed reload, in  0.598 seconds
Platform modules already initialized, skipping
Refreshing native plugins compatible for Editor in 0.33 ms, found 0 plugins.
Preloading 0 native plugins for Editor in 0.00 ms.
Unloading 1399 Unused Serialized files (Serialized files now loaded: 0)
System memory in use before: 88.9 MB.
System memory in use after: 89.0 MB.

Unloading 25 unused Assets to reduce memory usage. Loaded Objects now: 1908.
Total: 1.620300 ms (FindLiveObjects: 0.145300 ms CreateObjectMapping: 0.063500 ms MarkObjects: 1.347800 ms  DeleteObjects: 0.062600 ms)

AssetImportWorkerClient::OnTransportError - code=2 error=End of file
